<?xml version="1.0" encoding="utf-8"?><testsuites name="pytest tests"><testsuite name="pytest" errors="0" failures="0" skipped="0" tests="7" time="2.056" timestamp="2026-05-26T19:09:02.712305+00:00" hostname="agent-env-45f2da9e-3c90-4bc2-9336-7edc8d4a289d"><testcase classname="backend.tests.test_match" name="test_match_unauthenticated" time="0.903" /><testcase classname="backend.tests.test_match" name="test_match_invalid_zone_returns_400" time="0.060" /><testcase classname="backend.tests.test_match" name="test_match_happy_path_structure" time="0.056" /><testcase classname="backend.tests.test_match" name="test_match_deterministic" time="0.118" /><testcase classname="backend.tests.test_match" name="test_match_persisted_on_project" time="0.115" /><testcase classname="backend.tests.test_match" name="test_match_accepts_uploads_metadata_only" time="0.058" /><testcase classname="backend.tests.test_match" name="test_match_other_user_404" time="0.458" /></testsuite></testsuites>