<?xml version="1.0" encoding="utf-8"?><testsuites name="pytest tests"><testsuite name="pytest" errors="0" failures="0" skipped="0" tests="6" time="2.020" timestamp="2026-05-26T18:38:12.738240+00:00" hostname="agent-env-45f2da9e-3c90-4bc2-9336-7edc8d4a289d"><testcase classname="backend.tests.test_mock_analyze" name="test_mock_analyze_unauthenticated" time="0.842" /><testcase classname="backend.tests.test_mock_analyze" name="test_mock_analyze_requires_reference" time="0.096" /><testcase classname="backend.tests.test_mock_analyze" name="test_mock_analyze_happy_path" time="0.050" /><testcase classname="backend.tests.test_mock_analyze" name="test_mock_analyze_persists_to_project" time="0.050" /><testcase classname="backend.tests.test_mock_analyze" name="test_mock_analyze_is_stable" time="0.096" /><testcase classname="backend.tests.test_mock_analyze" name="test_mock_analyze_other_user_404" time="0.504" /></testsuite></testsuites>