<?xml version="1.0" encoding="utf-8"?><testsuites name="pytest tests"><testsuite name="pytest" errors="0" failures="0" skipped="0" tests="26" time="25.021" timestamp="2026-05-26T17:10:55.345569+00:00" hostname="agent-env-45f2da9e-3c90-4bc2-9336-7edc8d4a289d"><testcase classname="backend_test" name="test_health_root" time="0.307" /><testcase classname="backend_test" name="test_register" time="0.286" /><testcase classname="backend_test" name="test_register_duplicate_email" time="0.157" /><testcase classname="backend_test" name="test_me_authenticated" time="0.053" /><testcase classname="backend_test" name="test_me_unauthenticated" time="0.128" /><testcase classname="backend_test" name="test_login_invalid_password" time="0.324" /><testcase classname="backend_test" name="test_login_success_admin" time="0.331" /><testcase classname="backend_test" name="test_login_existing_user" time="0.382" /><testcase classname="backend_test" name="test_create_project" time="0.055" /><testcase classname="backend_test" name="test_list_projects" time="0.055" /><testcase classname="backend_test" name="test_get_project" time="0.050" /><testcase classname="backend_test" name="test_get_project_not_owned" time="0.423" /><testcase classname="backend_test" name="test_projects_unauthenticated" time="0.155" /><testcase classname="backend_test" name="test_upload_reference" time="0.100" /><testcase classname="backend_test" name="test_get_reference_image" time="0.063" /><testcase classname="backend_test" name="test_upload_reference_bad_format" time="0.050" /><testcase classname="backend_test" name="test_upload_catalogue_images" time="0.071" /><testcase classname="backend_test" name="test_get_catalogue_item" time="0.057" /><testcase classname="backend_test" name="test_get_catalogue_item_out_of_range" time="0.056" /><testcase classname="backend_test" name="test_start_analysis" time="0.054" /><testcase classname="backend_test" name="test_poll_status_until_complete" time="20.451" /><testcase classname="backend_test" name="test_get_project_with_analysis" time="0.075" /><testcase classname="backend_test" name="test_analyze_without_reference" time="0.467" /><testcase classname="backend_test" name="test_list_reports" time="0.054" /><testcase classname="backend_test" name="test_logout" time="0.123" /><testcase classname="backend_test" name="test_cleanup_delete_project" time="0.424" /></testsuite></testsuites>