<?xml version="1.0" encoding="utf-8"?><testsuites name="pytest tests"><testsuite name="pytest" errors="0" failures="0" skipped="0" tests="30" time="4.012" timestamp="2026-07-05T11:09:12.449568+00:00" hostname="agent-env-45f2da9e-3c90-4bc2-9336-7edc8d4a289d"><testcase classname="tests.test_rc1_demo_trust.TestDemoTrustRules" name="test_ten_curated_zones" time="0.196" /><testcase classname="tests.test_rc1_demo_trust.TestDemoTrustRules" name="test_nine_zones_have_three_matches" time="0.000" /><testcase classname="tests.test_rc1_demo_trust.TestDemoTrustRules" name="test_foliage_zone_zero_matches" time="0.000" /><testcase classname="tests.test_rc1_demo_trust.TestDemoTrustRules" name="test_no_fabricated_mm_demo_codes" time="0.001" /><testcase classname="tests.test_rc1_demo_trust.TestDemoTrustRules" name="test_match_percent_range" time="0.000" /><testcase classname="tests.test_rc1_demo_trust.TestDemoTrustRules" name="test_real_brands" time="0.000" /><testcase classname="tests.test_rc1_demo_trust.TestDemoTrustRules" name="test_reference_image" time="0.137" /><testcase classname="tests.test_rc1_demo_trust.TestKnowledgeEngineRouting" name="test_warm_ivory_returns_paints_first" time="0.367" /><testcase classname="tests.test_rc1_demo_trust.TestKnowledgeEngineRouting" name="test_fluted_returns_real_records_no_paints" time="0.044" /><testcase classname="tests.test_rc1_demo_trust.TestDesignerLiveWorkflow" name="test_designer_can_login_or_register" time="0.363" /><testcase classname="tests.test_studio_pipeline.TestStudioAuth" name="test_upload_requires_admin" time="0.487" /><testcase classname="tests.test_studio_pipeline.TestStudioAuth" name="test_list_requires_admin" time="0.043" /><testcase classname="tests.test_studio_pipeline.TestStudioAuth" name="test_library_requires_admin" time="0.042" /><testcase classname="tests.test_studio_pipeline.TestStudioValidation" name="test_non_pdf_rejected" time="0.373" /><testcase classname="tests.test_studio_pipeline.TestStudioPipeline" name="test_01_upload_pdf" time="0.077" /><testcase classname="tests.test_studio_pipeline.TestStudioPipeline" name="test_02_upload_listed" time="0.048" /><testcase classname="tests.test_studio_pipeline.TestStudioPipeline" name="test_03_records_draft" time="0.046" /><testcase classname="tests.test_studio_pipeline.TestStudioPipeline" name="test_04_approve_records" time="0.144" /><testcase classname="tests.test_studio_pipeline.TestStudioPipeline" name="test_05_library_lists_published" time="0.071" /><testcase classname="tests.test_studio_pipeline.TestStudioPipeline" name="test_06_ke_search_prioritizes_uploaded" time="0.077" /><testcase classname="tests.test_studio_pipeline.TestStudioPipeline" name="test_07_approve_empty_400" time="0.047" /><testcase classname="tests.test_studio_pipeline.TestPublishAll" name="test_publish_all_endpoint" time="0.188" /><testcase classname="tests.test_studio_pipeline.TestStudioReject" name="test_reject_flow" time="0.223" /><testcase classname="tests.test_sprint4_demo.TestDemoEndpoints" name="test_demo_project_no_auth" time="0.096" /><testcase classname="tests.test_sprint4_demo.TestDemoEndpoints" name="test_demo_reference_image_no_auth" time="0.140" /><testcase classname="tests.test_sprint4_demo.TestDemoEndpoints" name="test_demo_project_read_only" time="0.208" /><testcase classname="tests.test_sprint4_demo.TestAuthRegression" name="test_admin_login" time="0.320" /><testcase classname="tests.test_sprint4_demo.TestAuthRegression" name="test_admin_me" time="0.043" /><testcase classname="tests.test_sprint4_demo.TestAuthRegression" name="test_admin_affiliates_list" time="0.045" /><testcase classname="tests.test_sprint4_demo.TestDemoPublicRoom" name="test_public_demo_room_slug" time="0.096" /></testsuite></testsuites>