<?xml version="1.0" encoding="utf-8"?><testsuites name="pytest tests"><testsuite name="pytest" errors="0" failures="0" skipped="0" tests="14" time="3.476" timestamp="2026-07-22T12:38:47.114800+00:00" hostname="agent-env-45f2da9e-3c90-4bc2-9336-7edc8d4a289d"><testcase classname="tests.test_reviews_and_admin_users.TestPostReview" name="test_valid_submission" time="0.932" /><testcase classname="tests.test_reviews_and_admin_users.TestPostReview" name="test_invalid_rating_high" time="0.108" /><testcase classname="tests.test_reviews_and_admin_users.TestPostReview" name="test_invalid_rating_low" time="0.105" /><testcase classname="tests.test_reviews_and_admin_users.TestPostReview" name="test_empty_comment" time="0.091" /><testcase classname="tests.test_reviews_and_admin_users.TestPostReview" name="test_unauthenticated" time="0.095" /><testcase classname="tests.test_reviews_and_admin_users.TestAdminReviews" name="test_list_as_admin" time="0.455" /><testcase classname="tests.test_reviews_and_admin_users.TestAdminReviews" name="test_list_as_non_admin_forbidden" time="0.096" /><testcase classname="tests.test_reviews_and_admin_users.TestAdminReviews" name="test_toggle_review" time="0.292" /><testcase classname="tests.test_reviews_and_admin_users.TestAdminReviews" name="test_toggle_as_non_admin_forbidden" time="0.094" /><testcase classname="tests.test_reviews_and_admin_users.TestAdminReviews" name="test_toggle_unknown_id" time="0.095" /><testcase classname="tests.test_reviews_and_admin_users.TestAdminUsersFilter" name="test_as_admin_returns_2" time="0.094" /><testcase classname="tests.test_reviews_and_admin_users.TestAdminUsersFilter" name="test_no_test_pattern_in_users_list" time="0.096" /><testcase classname="tests.test_reviews_and_admin_users.TestAdminUsersFilter" name="test_as_non_admin_forbidden" time="0.094" /><testcase classname="tests.test_reviews_and_admin_users.TestAdminStats" name="test_stats" time="0.132" /></testsuite></testsuites>