<?xml version="1.0" encoding="utf-8"?><testsuites name="pytest tests"><testsuite name="pytest" errors="0" failures="0" skipped="0" tests="36" time="2.111" timestamp="2026-07-02T19:26:24.186058+00:00" hostname="agent-env-45f2da9e-3c90-4bc2-9336-7edc8d4a289d"><testcase classname="tests.test_products_and_affiliates" name="test_jaccard_empty" time="0.000" /><testcase classname="tests.test_products_and_affiliates" name="test_jaccard_identical" time="0.000" /><testcase classname="tests.test_products_and_affiliates" name="test_jaccard_half_overlap" time="0.000" /><testcase classname="tests.test_products_and_affiliates" name="test_tokenize_lowercases_and_splits" time="0.000" /><testcase classname="tests.test_products_and_affiliates" name="test_kw_set_lowercases_and_dedups" time="0.000" /><testcase classname="tests.test_products_and_affiliates" name="test_score_affiliate_match_perfect" time="0.000" /><testcase classname="tests.test_products_and_affiliates" name="test_score_affiliate_match_zero_when_unrelated" time="0.000" /><testcase classname="tests.test_products_and_affiliates" name="test_score_affiliate_match_partial" time="0.000" /><testcase classname="tests.test_products_and_affiliates" name="test_validate_products_happy_path" time="0.000" /><testcase classname="tests.test_products_and_affiliates" name="test_validate_products_unknown_category_falls_back_to_other" time="0.000" /><testcase classname="tests.test_products_and_affiliates" name="test_validate_products_missing_name_raises" time="0.000" /><testcase classname="tests.test_products_and_affiliates" name="test_validate_products_missing_products_key_raises" time="0.000" /><testcase classname="tests.test_products_and_affiliates" name="test_validate_products_confidence_clamps" time="0.000" /><testcase classname="tests.test_products_and_affiliates" name="test_build_search_urls_from_keyword" time="0.000" /><testcase classname="tests.test_products_and_affiliates" name="test_build_search_urls_falls_back_to_name" time="0.000" /><testcase classname="tests.test_products_and_affiliates" name="test_build_search_urls_empty_returns_empty" time="0.000" /><testcase classname="tests.test_products_and_affiliates" name="test_build_search_urls_no_double_india" time="0.000" /><testcase classname="tests.test_products_and_affiliates" name="test_seed_affiliate_products_uses_indian_platforms" time="0.000" /><testcase classname="tests.test_products_and_affiliates" name="test_seed_covers_multiple_categories" time="0.000" /><testcase classname="tests.test_batch_validator" name="test_happy_path_all_valid" time="0.000" /><testcase classname="tests.test_batch_validator" name="test_room_scene_with_zero_reasons_does_not_kill_batch" time="0.000" /><testcase classname="tests.test_batch_validator" name="test_room_scene_with_one_reason_survives" time="0.000" /><testcase classname="tests.test_batch_validator" name="test_partial_failure_fills_zero_fallback" time="0.000" /><testcase classname="tests.test_batch_validator" name="test_unknown_detected_family_is_coerced_to_other" time="0.000" /><testcase classname="tests.test_batch_validator" name="test_extra_reasons_are_truncated_to_three" time="0.000" /><testcase classname="tests.test_batch_validator" name="test_product_candidate_with_zero_reasons_is_dropped_to_fallback" time="0.000" /><testcase classname="tests.test_batch_validator" name="test_missing_envelope_raises" time="0.000" /><testcase classname="tests.test_batch_validator" name="test_all_items_fail_raises" time="0.000" /><testcase classname="tests.test_v2_analysis_and_pdf" name="test_v2_accepts_all_new_india_fields" time="0.000" /><testcase classname="tests.test_v2_analysis_and_pdf" name="test_v2_new_fields_are_optional_and_soft_coerced" time="0.000" /><testcase classname="tests.test_v2_analysis_and_pdf" name="test_v2_summary_missing_is_empty_shape" time="0.000" /><testcase classname="tests.test_v2_analysis_and_pdf" name="test_procurement_difficulty_enum_values" time="0.000" /><testcase classname="tests.test_v2_analysis_and_pdf" name="test_render_pdf_pages_produces_candidates" time="0.125" /><testcase classname="tests.test_v2_analysis_and_pdf" name="test_render_pdf_caps_at_max_pages" time="0.204" /><testcase classname="tests.test_v2_analysis_and_pdf" name="test_render_pdf_rejects_oversize" time="0.015" /><testcase classname="tests.test_v2_analysis_and_pdf" name="test_render_pdf_handles_bad_bytes" time="0.001" /></testsuite></testsuites>