<?xml version="1.0" encoding="utf-8"?><testsuites name="pytest tests"><testsuite name="pytest" errors="0" failures="0" skipped="3" tests="44" time="8.062" timestamp="2026-07-13T17:01:53.458805+00:00" hostname="agent-env-45f2da9e-3c90-4bc2-9336-7edc8d4a289d"><testcase classname="tests.test_studio_async_ingestion.TestAsyncUpload" name="test_upload_returns_immediately" time="0.894" /><testcase classname="tests.test_studio_async_ingestion.TestAsyncUpload" name="test_login_responsive_during_extraction" time="0.325" /><testcase classname="tests.test_studio_async_ingestion.TestFailureModes" name="test_garbage_bytes_rejected_400" time="0.050" /><testcase classname="tests.test_studio_async_ingestion.TestFailureModes" name="test_non_pdf_extension_rejected" time="0.055" /><testcase classname="tests.test_studio_async_ingestion.TestFailureModes" name="test_upload_never_stuck_in_processing" time="0.184" /><testcase classname="tests.test_studio_pipeline.TestStudioAuth" name="test_upload_requires_admin" time="0.536" /><testcase classname="tests.test_studio_pipeline.TestStudioAuth" name="test_list_requires_admin" time="0.059" /><testcase classname="tests.test_studio_pipeline.TestStudioAuth" name="test_library_requires_admin" time="0.057" /><testcase classname="tests.test_studio_pipeline.TestStudioValidation" name="test_non_pdf_rejected" time="0.423" /><testcase classname="tests.test_studio_pipeline.TestStudioPipeline" name="test_01_upload_pdf" time="0.269" /><testcase classname="tests.test_studio_pipeline.TestStudioPipeline" name="test_02_upload_listed" time="0.050" /><testcase classname="tests.test_studio_pipeline.TestStudioPipeline" name="test_03_records_draft" time="0.049" /><testcase classname="tests.test_studio_pipeline.TestStudioPipeline" name="test_04_approve_records" time="0.114" /><testcase classname="tests.test_studio_pipeline.TestStudioPipeline" name="test_05_library_lists_published" time="0.333" /><testcase classname="tests.test_studio_pipeline.TestStudioPipeline" name="test_06_ke_search_prioritizes_uploaded" time="0.071" /><testcase classname="tests.test_studio_pipeline.TestStudioPipeline" name="test_07_approve_empty_400" time="0.047" /><testcase classname="tests.test_studio_pipeline.TestPublishAll" name="test_publish_all_endpoint" time="0.274" /><testcase classname="tests.test_studio_pipeline.TestStudioReject" name="test_reject_flow" time="0.298" /><testcase classname="tests.test_studio_bulk_edit.TestStudioReviewQueueBackend" name="test_admin_login_ok" time="0.403" /><testcase classname="tests.test_studio_bulk_edit.TestStudioReviewQueueBackend" name="test_uploads_list_has_multiswatch" time="0.060" /><testcase classname="tests.test_studio_bulk_edit.TestStudioReviewQueueBackend" name="test_records_list_multi_swatch" time="0.061" /><testcase classname="tests.test_studio_bulk_edit.TestStudioReviewQueueBackend" name="test_patch_edit_persists_region" time="0.235" /><testcase classname="tests.test_studio_bulk_edit.TestStudioReviewQueueBackend" name="test_bulk_publish_action" time="0.049"><skipped type="pytest.skip" message="no drafts to publish">/app/backend/tests/test_studio_bulk_edit.py:94: no drafts to publish</skipped></testcase><testcase classname="tests.test_studio_bulk_edit.TestStudioReviewQueueBackend" name="test_bulk_archive_action" time="0.598" /><testcase classname="tests.test_studio_bulk_edit.TestStudioReviewQueueBackend" name="test_bulk_delete_action" time="0.048"><skipped type="pytest.skip" message="no draft record safe to delete">/app/backend/tests/test_studio_bulk_edit.py:139: no draft record safe to delete</skipped></testcase><testcase classname="tests.test_studio_bulk_edit.TestStudioReviewQueueBackend" name="test_bulk_bad_action_400" time="0.048" /><testcase classname="tests.test_studio_bulk_edit.TestStudioReviewQueueBackend" name="test_bulk_empty_ids_400" time="0.053" /><testcase classname="tests.test_studio_bulk_edit.TestStudioReviewQueueBackend" name="test_edit_unknown_record_404" time="0.051" /><testcase classname="tests.test_studio_bulk_edit.TestStudioReviewQueueBackend" name="test_single_delete_record" time="0.047"><skipped type="pytest.skip" message="no draft to safely delete">/app/backend/tests/test_studio_bulk_edit.py:180: no draft to safely delete</skipped></testcase><testcase classname="tests.test_studio_sprint87.TestCatalogueLifecycle" name="test_partial_publish_marks_review_remaining" time="0.754" /><testcase classname="tests.test_studio_sprint87.TestCatalogueLifecycle" name="test_full_publish_marks_published" time="0.102" /><testcase classname="tests.test_studio_sprint87.TestDoublePublishPrevention" name="test_approve_already_published_returns_zero" time="0.157" /><testcase classname="tests.test_studio_sprint87.TestDoublePublishPrevention" name="test_bulk_publish_already_published_returns_zero" time="0.111" /><testcase classname="tests.test_studio_sprint87.TestTagsRoundtrip" name="test_tags_persist_as_array" time="0.170" /><testcase classname="tests.test_studio_sprint87.TestReprocess" name="test_reprocess_endpoint" time="0.156" /><testcase classname="tests.test_studio_sprint87.TestReprocess" name="test_reprocess_reference_seed_blocked" time="0.118" /><testcase classname="tests.test_studio_sprint87.TestReprocess" name="test_reprocess_unknown_404" time="0.066" /><testcase classname="tests.test_studio_sprint87.TestReplace" name="test_replace_reference_seed_blocked" time="0.136" /><testcase classname="tests.test_studio_sprint87.TestReplace" name="test_replace_non_pdf_400" time="0.063" /><testcase classname="tests.test_studio_sprint87.TestReplace" name="test_replace_flow" time="0.101" /><testcase classname="tests.test_studio_sprint87.TestPagePreview" name="test_page_preview_base64" time="0.104" /><testcase classname="tests.test_studio_sprint87.TestPagePreview" name="test_page_preview_out_of_range" time="0.051" /><testcase classname="tests.test_studio_sprint87.TestPagePreview" name="test_page_preview_unknown_upload" time="0.058" /><testcase classname="tests.test_studio_sprint87.TestCleanup" name="test_delete_fresh_upload" time="0.053" /></testsuite></testsuites>