<?xml version="1.0" encoding="utf-8"?><testsuites name="pytest tests"><testsuite name="pytest" errors="0" failures="1" skipped="0" tests="59" time="36.551" timestamp="2026-07-04T13:18:27.547409+00:00" hostname="agent-env-45f2da9e-3c90-4bc2-9336-7edc8d4a289d"><testcase classname="tests.test_sprint7_analyze_region.TestAnalyzeRegion" name="test_unauth_returns_401" time="0.546" /><testcase classname="tests.test_sprint7_analyze_region.TestAnalyzeRegion" name="test_foreign_project_returns_404" time="0.392" /><testcase classname="tests.test_sprint7_analyze_region.TestAnalyzeRegion" name="test_oversized_crop_returns_413" time="0.674" /><testcase classname="tests.test_sprint7_analyze_region.TestAnalyzeRegion" name="test_valid_crop_returns_rows" time="15.563" /><testcase classname="tests.test_sprint7_analyze_region.TestAnalyzeRegion" name="test_valid_crop_with_data_url_prefix_accepted" time="12.985" /><testcase classname="tests.test_sprint7_analyze_region.TestAnalyzeRegion" name="test_short_crop_returns_422" time="0.089" /><testcase classname="tests.test_sprint6_shortlist_library.TestShortlist" name="test_unauth_shortlist_get_returns_401" time="0.567" /><testcase classname="tests.test_sprint6_shortlist_library.TestShortlist" name="test_empty_shortlist_initially" time="0.042" /><testcase classname="tests.test_sprint6_shortlist_library.TestShortlist" name="test_add_shortlist_item" time="0.083" /><testcase classname="tests.test_sprint6_shortlist_library.TestShortlist" name="test_invalid_source_type_400" time="0.042" /><testcase classname="tests.test_sprint6_shortlist_library.TestShortlist" name="test_cross_user_access_returns_404" time="0.408" /><testcase classname="tests.test_sprint6_shortlist_library.TestShortlist" name="test_delete_shortlist_item" time="0.168" /><testcase classname="tests.test_sprint6_shortlist_library.TestLibrary" name="test_unauth_library_global_returns_401" time="0.100" /><testcase classname="tests.test_sprint6_shortlist_library.TestLibrary" name="test_unauth_library_my_returns_401" time="0.113" /><testcase classname="tests.test_sprint6_shortlist_library.TestLibrary" name="test_library_global_returns_4_items_status_beta" time="0.043" /><testcase classname="tests.test_sprint6_shortlist_library.TestLibrary" name="test_library_my_returns_items_shape" time="0.084" /><testcase classname="tests.test_sprint5a_presentation.TestAutoPopulatePins" name="test_new_room_autopopulates_material_and_product_pins" time="0.692" /><testcase classname="tests.test_sprint5a_presentation.TestFinalRenderImageKind" name="test_upload_get_delete_final_render" time="0.343" /><testcase classname="tests.test_sprint5a_presentation.TestFinalRenderImageKind" name="test_invalid_kind_rejected" time="0.129" /><testcase classname="tests.test_sprint5a_presentation.TestPublicShareDemo" name="test_public_demo_has_catalogue_matches_and_final_render_and_designer_name" time="0.137"><failure message="AssertionError: assert 1 == 4&#10; +  where 1 = len([{'alternatives': [{'brands_to_check': ['Teak Craft'], 'cost_tier': 'premium', 'durability': 'Very High', 'maintenance': 'Periodic polish', ...}, {'brands_to_check': ['Pergo', 'Action Tesa'], 'cost_tier': 'budget', 'durability': 'High', 'maintenance': 'Very low', ...}, {'brands_to_check': ['Welspun', 'Responsive Industries'], 'cost_tier': 'mid', 'durability': 'High', 'maintenance': 'Very low', ...}], 'brands_to_check': ['Pergo', 'Action Tesa', 'Square Foot'], 'color': 'Honey brown', 'confidence': 90, ...}])&#10; +    where [{'alternatives': [{'brands_to_check': ['Teak Craft'], 'cost_tier': 'premium', 'durability': 'Very High', 'maintenance': 'Periodic polish', ...}, {'brands_to_check': ['Pergo', 'Action Tesa'], 'cost_tier': 'budget', 'durability': 'High', 'maintenance': 'Very low', ...}, {'brands_to_check': ['Welspun', 'Responsive Industries'], 'cost_tier': 'mid', 'durability': 'High', 'maintenance': 'Very low', ...}], 'brands_to_check': ['Pergo', 'Action Tesa', 'Square Foot'], 'color': 'Honey brown', 'confidence': 90, ...}] = &lt;built-in method get of dict object at 0xf85487078080&gt;('pinned_material_rows', [])&#10; +      where &lt;built-in method get of dict object at 0xf85487078080&gt; = {'catalogue_matches': [{'explanation': 'Same warm honey-oak tone, near-identical vertical slat rhythm and matte-oiled finish.', 'filename': 'warm-living-catalogue.pdf', 'match_percent': 94, 'material_name': 'White Oak Veneer Slats', ...}, {'explanation': 'Matching sand-beige body with subtle veining and a low-sheen honed surface.', 'filename': 'warm-living-catalogue.pdf', 'match_percent': 88, 'material_name': 'Kota Beige Honed Limestone', ...}, {'explanation': 'Same looped weave texture and warm ivory colour palette.', 'filename': 'warm-living-catalogue.pdf', 'match_percent': 84, 'material_name': 'Bouclé Cream Upholstery', ...}], 'client_name': 'Bengaluru Residence · Sample', 'concept_overview': 'This living room is designed to feel calm, warm and considered. A restrained palette of honey oak, sand-beige stone and ivory bouclé creates a quiet contrast of textures. Layered lighting and a hand-tufted wool rug soften the composition, while curated brass accents introduce a subtle premium note. Every specification supports a client-ready look that is timeless, inviting and unmistakably Indian in its sourcing story.', 'current_site_photos': [], ...}.get">tests/test_sprint5a_presentation.py:168: in test_public_demo_has_catalogue_matches_and_final_render_and_designer_name
    assert len(data.get("pinned_material_rows", [])) == 4
E   AssertionError: assert 1 == 4
E    +  where 1 = len([{'alternatives': [{'brands_to_check': ['Teak Craft'], 'cost_tier': 'premium', 'durability': 'Very High', 'maintenance': 'Periodic polish', ...}, {'brands_to_check': ['Pergo', 'Action Tesa'], 'cost_tier': 'budget', 'durability': 'High', 'maintenance': 'Very low', ...}, {'brands_to_check': ['Welspun', 'Responsive Industries'], 'cost_tier': 'mid', 'durability': 'High', 'maintenance': 'Very low', ...}], 'brands_to_check': ['Pergo', 'Action Tesa', 'Square Foot'], 'color': 'Honey brown', 'confidence': 90, ...}])
E    +    where [{'alternatives': [{'brands_to_check': ['Teak Craft'], 'cost_tier': 'premium', 'durability': 'Very High', 'maintenance': 'Periodic polish', ...}, {'brands_to_check': ['Pergo', 'Action Tesa'], 'cost_tier': 'budget', 'durability': 'High', 'maintenance': 'Very low', ...}, {'brands_to_check': ['Welspun', 'Responsive Industries'], 'cost_tier': 'mid', 'durability': 'High', 'maintenance': 'Very low', ...}], 'brands_to_check': ['Pergo', 'Action Tesa', 'Square Foot'], 'color': 'Honey brown', 'confidence': 90, ...}] = &lt;built-in method get of dict object at 0xf85487078080&gt;('pinned_material_rows', [])
E    +      where &lt;built-in method get of dict object at 0xf85487078080&gt; = {'catalogue_matches': [{'explanation': 'Same warm honey-oak tone, near-identical vertical slat rhythm and matte-oiled finish.', 'filename': 'warm-living-catalogue.pdf', 'match_percent': 94, 'material_name': 'White Oak Veneer Slats', ...}, {'explanation': 'Matching sand-beige body with subtle veining and a low-sheen honed surface.', 'filename': 'warm-living-catalogue.pdf', 'match_percent': 88, 'material_name': 'Kota Beige Honed Limestone', ...}, {'explanation': 'Same looped weave texture and warm ivory colour palette.', 'filename': 'warm-living-catalogue.pdf', 'match_percent': 84, 'material_name': 'Bouclé Cream Upholstery', ...}], 'client_name': 'Bengaluru Residence · Sample', 'concept_overview': 'This living room is designed to feel calm, warm and considered. A restrained palette of honey oak, sand-beige stone and ivory bouclé creates a quiet contrast of textures. Layered lighting and a hand-tufted wool rug soften the composition, while curated brass accents introduce a subtle premium note. Every specification supports a client-ready look that is timeless, inviting and unmistakably Indian in its sourcing story.', 'current_site_photos': [], ...}.get</failure></testcase><testcase classname="tests.test_sprint5a_presentation.TestCopyAudit" name="test_demo_room_copy_has_no_forbidden_strings" time="0.099" /><testcase classname="tests.test_sprint4_demo.TestDemoEndpoints" name="test_demo_project_no_auth" time="0.116" /><testcase classname="tests.test_sprint4_demo.TestDemoEndpoints" name="test_demo_reference_image_no_auth" time="0.171" /><testcase classname="tests.test_sprint4_demo.TestDemoEndpoints" name="test_demo_project_read_only" time="0.194" /><testcase classname="tests.test_sprint4_demo.TestAuthRegression" name="test_admin_login" time="0.319" /><testcase classname="tests.test_sprint4_demo.TestAuthRegression" name="test_admin_me" time="0.045" /><testcase classname="tests.test_sprint4_demo.TestAuthRegression" name="test_admin_affiliates_list" time="0.045" /><testcase classname="tests.test_sprint4_demo.TestDemoPublicRoom" name="test_public_demo_room_slug" time="0.108" /><testcase classname="tests.test_rooms" name="test_room_type_enum_covers_common_indian_home_types" time="0.000" /><testcase classname="tests.test_rooms" name="test_image_kinds_are_the_four_story_layers" time="0.000" /><testcase classname="tests.test_rooms" name="test_max_images_per_kind_is_capped_sensibly" time="0.000" /><testcase classname="tests.test_rooms" name="test_kind_field_maps_to_mongo_field" time="0.000" /><testcase classname="tests.test_rooms" name="test_kind_field_invalid_raises" time="0.000" /><testcase classname="tests.test_rooms" name="test_make_slug_is_short_and_url_safe" time="0.000" /><testcase classname="tests.test_rooms" name="test_make_slug_is_random" time="0.000" /><testcase classname="tests.test_rooms" name="test_room_out_hides_image_bytes_and_converts_id" time="0.000" /><testcase classname="tests.test_rooms" name="test_room_create_defaults_room_type" time="0.000" /><testcase classname="tests.test_rooms" name="test_room_create_requires_name" time="0.000" /><testcase classname="tests.test_rooms" name="test_room_update_allows_partial_fields" time="0.000" /><testcase classname="tests.test_rooms" name="test_room_update_accepts_pin_lists" time="0.000" /><testcase classname="tests.test_products_and_affiliates" name="test_jaccard_empty" time="0.000" /><testcase classname="tests.test_products_and_affiliates" name="test_jaccard_identical" time="0.000" /><testcase classname="tests.test_products_and_affiliates" name="test_jaccard_half_overlap" time="0.000" /><testcase classname="tests.test_products_and_affiliates" name="test_tokenize_lowercases_and_splits" time="0.000" /><testcase classname="tests.test_products_and_affiliates" name="test_kw_set_lowercases_and_dedups" time="0.000" /><testcase classname="tests.test_products_and_affiliates" name="test_score_affiliate_match_perfect" time="0.000" /><testcase classname="tests.test_products_and_affiliates" name="test_score_affiliate_match_zero_when_unrelated" time="0.000" /><testcase classname="tests.test_products_and_affiliates" name="test_score_affiliate_match_partial" time="0.000" /><testcase classname="tests.test_products_and_affiliates" name="test_validate_products_happy_path" time="0.000" /><testcase classname="tests.test_products_and_affiliates" name="test_validate_products_unknown_category_falls_back_to_other" time="0.002" /><testcase classname="tests.test_products_and_affiliates" name="test_validate_products_missing_name_raises" time="0.000" /><testcase classname="tests.test_products_and_affiliates" name="test_validate_products_missing_products_key_raises" time="0.000" /><testcase classname="tests.test_products_and_affiliates" name="test_validate_products_confidence_clamps" time="0.000" /><testcase classname="tests.test_products_and_affiliates" name="test_build_search_urls_from_keyword" time="0.000" /><testcase classname="tests.test_products_and_affiliates" name="test_build_search_urls_falls_back_to_name" time="0.000" /><testcase classname="tests.test_products_and_affiliates" name="test_build_search_urls_empty_returns_empty" time="0.000" /><testcase classname="tests.test_products_and_affiliates" name="test_build_search_urls_no_double_india" time="0.000" /><testcase classname="tests.test_products_and_affiliates" name="test_seed_affiliate_products_uses_indian_platforms" time="0.000" /><testcase classname="tests.test_products_and_affiliates" name="test_seed_covers_multiple_categories" time="0.000" /></testsuite></testsuites>