<?xml version="1.0" encoding="utf-8"?><testsuites name="pytest tests"><testsuite name="pytest" errors="0" failures="0" skipped="0" tests="15" time="10.195" timestamp="2026-07-14T15:32:57.009563+00:00" hostname="agent-env-45f2da9e-3c90-4bc2-9336-7edc8d4a289d"><testcase classname="backend.tests.test_studio_sprint4.TestSprint4RegionClassification" name="test_certification_pages_are_rejected" time="2.187" /><testcase classname="backend.tests.test_studio_sprint4.TestSprint4RegionClassification" name="test_material_swatch_survives" time="0.031" /><testcase classname="backend.tests.test_studio_sprint4.TestSprint4RegionClassification" name="test_qr_like_polarised_image_is_rejected" time="0.015" /><testcase classname="backend.tests.test_studio_sprint4.TestSprint4CategoryVerification" name="test_stone_hint_with_veneer_content_yields_veneer" time="0.000" /><testcase classname="backend.tests.test_studio_sprint4.TestSprint4CategoryVerification" name="test_no_category_context_falls_back_to_hint" time="0.000" /><testcase classname="backend.tests.test_studio_sprint4.TestSprint4CategoryVerification" name="test_unsupported_context_returns_none" time="0.000" /><testcase classname="backend.tests.test_studio_sprint4.TestSprint4BrandDetection" name="test_brand_inferred_from_first_pages" time="1.407" /><testcase classname="backend.tests.test_studio_sprint4.TestSprint4BrandDetection" name="test_unknown_brand_returns_none" time="5.337" /><testcase classname="backend.tests.test_studio_sprint4.TestSprint4NeedsReviewReasons" name="test_needs_review_reasons_populated" time="0.030" /><testcase classname="backend.tests.test_sprint4_generalization.TestRealWorldGeneralization" name="test_laminate_catalogue_end_to_end" time="0.132" /><testcase classname="backend.tests.test_sprint4_generalization.TestRealWorldGeneralization" name="test_stone_catalogue_end_to_end" time="0.128" /><testcase classname="backend.tests.test_sprint4_generalization.TestRealWorldGeneralization" name="test_paint_catalogue_end_to_end" time="0.127" /><testcase classname="backend.tests.test_sprint4_generalization.TestUploadIsolation" name="test_no_metadata_bleed_between_catalogues" time="0.386" /><testcase classname="backend.tests.test_sprint4_generalization.TestCategoryHintDoesNotOverride" name="test_wrong_hint_does_not_override_detected_category" time="0.000" /><testcase classname="backend.tests.test_sprint4_generalization.TestPublishedLibraryCleanliness" name="test_all_emitted_records_are_material_swatches" time="0.390" /></testsuite></testsuites>