<?xml version="1.0" encoding="utf-8"?><testsuites name="pytest tests"><testsuite name="pytest" errors="0" failures="0" skipped="0" tests="5" time="2.068" timestamp="2026-07-03T07:09:02.430040+00:00" hostname="agent-env-45f2da9e-3c90-4bc2-9336-7edc8d4a289d"><testcase classname="tests.test_sprint5a_presentation.TestAutoPopulatePins" name="test_new_room_autopopulates_material_and_product_pins" time="1.092" /><testcase classname="tests.test_sprint5a_presentation.TestFinalRenderImageKind" name="test_upload_get_delete_final_render" time="0.367" /><testcase classname="tests.test_sprint5a_presentation.TestFinalRenderImageKind" name="test_invalid_kind_rejected" time="0.198" /><testcase classname="tests.test_sprint5a_presentation.TestPublicShareDemo" name="test_public_demo_has_catalogue_matches_and_final_render_and_designer_name" time="0.135" /><testcase classname="tests.test_sprint5a_presentation.TestCopyAudit" name="test_demo_room_copy_has_no_forbidden_strings" time="0.138" /></testsuite></testsuites>