<?xml version="1.0" encoding="utf-8"?><testsuites name="pytest tests"><testsuite name="pytest" errors="0" failures="0" skipped="0" tests="7" time="1.138" timestamp="2026-07-02T20:59:13.352003+00:00" hostname="agent-env-45f2da9e-3c90-4bc2-9336-7edc8d4a289d"><testcase classname="tests.test_sprint4_demo.TestDemoEndpoints" name="test_demo_project_no_auth" time="0.152" /><testcase classname="tests.test_sprint4_demo.TestDemoEndpoints" name="test_demo_reference_image_no_auth" time="0.173" /><testcase classname="tests.test_sprint4_demo.TestDemoEndpoints" name="test_demo_project_read_only" time="0.209" /><testcase classname="tests.test_sprint4_demo.TestAuthRegression" name="test_admin_login" time="0.342" /><testcase classname="tests.test_sprint4_demo.TestAuthRegression" name="test_admin_me" time="0.045" /><testcase classname="tests.test_sprint4_demo.TestAuthRegression" name="test_admin_affiliates_list" time="0.048" /><testcase classname="tests.test_sprint4_demo.TestDemoPublicRoom" name="test_public_demo_room_slug" time="0.100" /></testsuite></testsuites>