<?xml version="1.0" encoding="utf-8"?><testsuites name="pytest tests"><testsuite name="pytest" errors="0" failures="0" skipped="0" tests="10" time="2.010" timestamp="2026-07-04T10:19:08.401853+00:00" hostname="agent-env-45f2da9e-3c90-4bc2-9336-7edc8d4a289d"><testcase classname="tests.test_sprint6_shortlist_library.TestShortlist" name="test_unauth_shortlist_get_returns_401" time="0.671" /><testcase classname="tests.test_sprint6_shortlist_library.TestShortlist" name="test_empty_shortlist_initially" time="0.049" /><testcase classname="tests.test_sprint6_shortlist_library.TestShortlist" name="test_add_shortlist_item" time="0.090" /><testcase classname="tests.test_sprint6_shortlist_library.TestShortlist" name="test_invalid_source_type_400" time="0.043" /><testcase classname="tests.test_sprint6_shortlist_library.TestShortlist" name="test_cross_user_access_returns_404" time="0.457" /><testcase classname="tests.test_sprint6_shortlist_library.TestShortlist" name="test_delete_shortlist_item" time="0.172" /><testcase classname="tests.test_sprint6_shortlist_library.TestLibrary" name="test_unauth_library_global_returns_401" time="0.138" /><testcase classname="tests.test_sprint6_shortlist_library.TestLibrary" name="test_unauth_library_my_returns_401" time="0.129" /><testcase classname="tests.test_sprint6_shortlist_library.TestLibrary" name="test_library_global_returns_4_items_status_beta" time="0.044" /><testcase classname="tests.test_sprint6_shortlist_library.TestLibrary" name="test_library_my_returns_items_shape" time="0.085" /></testsuite></testsuites>