<?xml version="1.0" encoding="utf-8"?><testsuites name="pytest tests"><testsuite name="pytest" errors="0" failures="0" skipped="0" tests="6" time="28.735" timestamp="2026-07-04T13:17:52.855336+00:00" hostname="agent-env-45f2da9e-3c90-4bc2-9336-7edc8d4a289d"><testcase classname="tests.test_sprint7_analyze_region.TestAnalyzeRegion" name="test_unauth_returns_401" time="0.681" /><testcase classname="tests.test_sprint7_analyze_region.TestAnalyzeRegion" name="test_foreign_project_returns_404" time="0.367" /><testcase classname="tests.test_sprint7_analyze_region.TestAnalyzeRegion" name="test_oversized_crop_returns_413" time="0.494" /><testcase classname="tests.test_sprint7_analyze_region.TestAnalyzeRegion" name="test_valid_crop_returns_rows" time="14.410" /><testcase classname="tests.test_sprint7_analyze_region.TestAnalyzeRegion" name="test_valid_crop_with_data_url_prefix_accepted" time="12.611" /><testcase classname="tests.test_sprint7_analyze_region.TestAnalyzeRegion" name="test_short_crop_returns_422" time="0.102" /></testsuite></testsuites>