<?xml version="1.0" encoding="utf-8"?><testsuites name="pytest tests"><testsuite name="pytest" errors="0" failures="0" skipped="0" tests="32" time="27.778" timestamp="2026-07-15T06:47:08.634770+00:00" hostname="agent-env-45f2da9e-3c90-4bc2-9336-7edc8d4a289d"><testcase classname="backend.tests.test_sprint7_intelligence.TestVisualDNA" name="test_normalize_fills_all_keys" time="0.001" /><testcase classname="backend.tests.test_sprint7_intelligence.TestVisualDNA" name="test_canonical_text_composes_attributes" time="0.000" /><testcase classname="backend.tests.test_sprint7_intelligence.TestVisualDNA" name="test_dna_from_record_uses_metadata" time="0.000" /><testcase classname="backend.tests.test_sprint7_intelligence.TestVisualDNA" name="test_parse_dna_json_strips_markdown_fences" time="0.000" /><testcase classname="backend.tests.test_sprint7_intelligence.TestVisualDNA" name="test_parse_dna_json_garbage_returns_none" time="0.000" /><testcase classname="backend.tests.test_sprint7_intelligence.TestEmbeddings" name="test_same_material_beats_different_material" time="0.526" /><testcase classname="backend.tests.test_sprint7_intelligence.TestEmbeddings" name="test_cosine_edge_cases" time="0.000" /><testcase classname="backend.tests.test_sprint7_intelligence.TestAttributeSimilarity" name="test_identical_dna_scores_high" time="0.001" /><testcase classname="backend.tests.test_sprint7_intelligence.TestAttributeSimilarity" name="test_wrong_family_penalised" time="0.000" /><testcase classname="backend.tests.test_sprint7_intelligence.TestAttributeSimilarity" name="test_family_equivalence_laminate_wood" time="0.000" /><testcase classname="backend.tests.test_sprint7_intelligence.TestAttributeSimilarity" name="test_missing_data_is_neutral_not_zero" time="0.000" /><testcase classname="backend.tests.test_sprint7_intelligence.TestAttributeSimilarity" name="test_close_colors_score_high" time="0.000" /><testcase classname="backend.tests.test_sprint7_intelligence.TestRetrieve" name="test_correct_item_ranks_first" time="0.050" /><testcase classname="backend.tests.test_sprint7_intelligence.TestRetrieve" name="test_items_without_dna_are_invisible" time="0.000" /><testcase classname="backend.tests.test_sprint7_intelligence.TestConfidence" name="test_retrieval_confidence_capped" time="0.000" /><testcase classname="backend.tests.test_sprint7_intelligence.TestConfidence" name="test_attribute_only_evidence_capped_lower" time="0.000" /><testcase classname="backend.tests.test_sprint7_intelligence.TestConfidence" name="test_reranked_confidence_owns_full_range" time="0.000" /><testcase classname="backend.tests.test_sprint7_intelligence.TestRerankParser" name="test_parses_clean_json" time="0.000" /><testcase classname="backend.tests.test_sprint7_intelligence.TestRerankParser" name="test_parses_fenced_json" time="0.000" /><testcase classname="backend.tests.test_sprint7_intelligence.TestRerankParser" name="test_out_of_range_candidates_dropped" time="0.000" /><testcase classname="backend.tests.test_sprint7_intelligence.TestRerankParser" name="test_garbage_returns_none" time="0.000" /><testcase classname="backend.tests.test_sprint7_intelligence.TestPipeline" name="test_exact_loopback_wins_and_scores_100" time="0.281" /><testcase classname="backend.tests.test_sprint7_intelligence.TestPipeline" name="test_no_exact_hit_falls_to_retrieval" time="0.010" /><testcase classname="backend.tests.test_sprint7_intelligence.TestPipeline" name="test_empty_library_returns_empty" time="0.005" /><testcase classname="backend.tests.test_sprint7_intelligence.TestServerMatcherIntegration" name="test_blue_cabinet_query_returns_laminates_not_paint" time="6.757" /><testcase classname="backend.tests.test_sprint7_intelligence.TestServerMatcherIntegration" name="test_every_match_carries_sprint7_debug" time="0.127" /><testcase classname="backend.tests.test_sprint7_analyze_region.TestAnalyzeRegion" name="test_unauth_returns_401" time="0.589" /><testcase classname="backend.tests.test_sprint7_analyze_region.TestAnalyzeRegion" name="test_foreign_project_returns_404" time="0.418" /><testcase classname="backend.tests.test_sprint7_analyze_region.TestAnalyzeRegion" name="test_oversized_crop_returns_413" time="0.598" /><testcase classname="backend.tests.test_sprint7_analyze_region.TestAnalyzeRegion" name="test_valid_crop_returns_rows" time="9.591" /><testcase classname="backend.tests.test_sprint7_analyze_region.TestAnalyzeRegion" name="test_valid_crop_with_data_url_prefix_accepted" time="8.615" /><testcase classname="backend.tests.test_sprint7_analyze_region.TestAnalyzeRegion" name="test_short_crop_returns_422" time="0.125" /></testsuite></testsuites>