<?xml version="1.0" encoding="utf-8"?><testsuites name="pytest tests"><testsuite name="pytest" errors="0" failures="1" skipped="0" tests="18" time="11.947" timestamp="2026-07-02T20:08:30.056326+00:00" hostname="agent-env-45f2da9e-3c90-4bc2-9336-7edc8d4a289d"><testcase classname="tests.test_sprint3_rooms_integration.TestRoomCRUD" name="test_create_room_returns_empty_galleries" time="0.904" /><testcase classname="tests.test_sprint3_rooms_integration.TestRoomCRUD" name="test_create_room_bad_type_400" time="0.154" /><testcase classname="tests.test_sprint3_rooms_integration.TestRoomCRUD" name="test_list_rooms_ordered_by_order" time="0.305" /><testcase classname="tests.test_sprint3_rooms_integration.TestRoomCRUD" name="test_get_room_by_id" time="0.354" /><testcase classname="tests.test_sprint3_rooms_integration.TestRoomCRUD" name="test_get_room_invalid_id_400" time="0.142" /><testcase classname="tests.test_sprint3_rooms_integration.TestRoomCRUD" name="test_patch_room_fields" time="0.368" /><testcase classname="tests.test_sprint3_rooms_integration.TestRoomCRUD" name="test_patch_bad_room_type_400" time="0.406" /><testcase classname="tests.test_sprint3_rooms_integration.TestRoomCRUD" name="test_delete_room" time="0.344" /><testcase classname="tests.test_sprint3_rooms_integration.TestOwnership" name="test_designer_cannot_access_admin_room" time="0.752" /><testcase classname="tests.test_sprint3_rooms_integration.TestOwnership" name="test_designer_cannot_create_room_in_admin_project" time="0.125" /><testcase classname="tests.test_sprint3_rooms_integration.TestRoomImages" name="test_upload_image_all_three_kinds" time="0.571" /><testcase classname="tests.test_sprint3_rooms_integration.TestRoomImages" name="test_upload_invalid_kind_400" time="0.350" /><testcase classname="tests.test_sprint3_rooms_integration.TestRoomImages" name="test_upload_non_image_mime_400" time="0.337" /><testcase classname="tests.test_sprint3_rooms_integration.TestRoomImages" name="test_upload_too_large_400" time="1.128" /><testcase classname="tests.test_sprint3_rooms_integration.TestRoomImages" name="test_get_and_delete_image" time="0.747"><failure message="assert 200 == 404&#10; +  where 200 = &lt;Response [200]&gt;.status_code">tests/test_sprint3_rooms_integration.py:226: in test_get_and_delete_image
    assert r.status_code == 404
E   assert 200 == 404
E    +  where 200 = &lt;Response [200]&gt;.status_code</failure></testcase><testcase classname="tests.test_sprint3_rooms_integration.TestOverview" name="test_generate_overview_does_not_overwrite_designer_concept" time="3.453" /><testcase classname="tests.test_sprint3_rooms_integration.TestSharePublic" name="test_share_toggle_and_public_get" time="0.803" /><testcase classname="tests.test_sprint3_rooms_integration.TestSharePublic" name="test_public_image_no_auth" time="0.582" /></testsuite></testsuites>