<?xml version="1.0" encoding="utf-8"?><testsuites name="pytest tests"><testsuite name="pytest" errors="0" failures="0" skipped="0" tests="12" time="2.118" timestamp="2026-07-02T20:07:30.060496+00:00" hostname="agent-env-45f2da9e-3c90-4bc2-9336-7edc8d4a289d"><testcase classname="tests.test_rooms" name="test_room_type_enum_covers_common_indian_home_types" time="0.000" /><testcase classname="tests.test_rooms" name="test_image_kinds_are_the_three_story_layers" time="0.000" /><testcase classname="tests.test_rooms" name="test_max_images_per_kind_is_capped_sensibly" time="0.000" /><testcase classname="tests.test_rooms" name="test_kind_field_maps_to_mongo_field" time="0.000" /><testcase classname="tests.test_rooms" name="test_kind_field_invalid_raises" time="0.000" /><testcase classname="tests.test_rooms" name="test_make_slug_is_short_and_url_safe" time="0.000" /><testcase classname="tests.test_rooms" name="test_make_slug_is_random" time="0.000" /><testcase classname="tests.test_rooms" name="test_room_out_hides_image_bytes_and_converts_id" time="0.000" /><testcase classname="tests.test_rooms" name="test_room_create_defaults_room_type" time="0.000" /><testcase classname="tests.test_rooms" name="test_room_create_requires_name" time="0.000" /><testcase classname="tests.test_rooms" name="test_room_update_allows_partial_fields" time="0.000" /><testcase classname="tests.test_rooms" name="test_room_update_accepts_pin_lists" time="0.000" /></testsuite></testsuites>