<?xml version="1.0" encoding="utf-8"?><testsuites name="pytest tests"><testsuite name="pytest" errors="4" failures="1" skipped="0" tests="12" time="1.576" timestamp="2026-07-02T19:27:44.554655+00:00" hostname="agent-env-45f2da9e-3c90-4bc2-9336-7edc8d4a289d"><testcase classname="tests.test_sprint2_integration" name="test_admin_me_is_admin" time="0.558" /><testcase classname="tests.test_sprint2_integration" name="test_user_me_is_not_admin" time="0.399" /><testcase classname="tests.test_sprint2_integration" name="test_list_affiliates_unauthenticated_401" time="0.096" /><testcase classname="tests.test_sprint2_integration" name="test_list_affiliates_as_user_403" time="0.068" /><testcase classname="tests.test_sprint2_integration" name="test_list_affiliates_as_admin_returns_seed" time="0.051" /><testcase classname="tests.test_sprint2_integration" name="test_admin_create_update_delete_affiliate" time="0.047"><failure message="AssertionError: create failed: 422 {&quot;detail&quot;:[{&quot;type&quot;:&quot;string_type&quot;,&quot;loc&quot;:[&quot;body&quot;,&quot;price_inr&quot;],&quot;msg&quot;:&quot;Input should be a valid string&quot;,&quot;input&quot;:4999,&quot;url&quot;:&quot;https://errors.pydantic.dev/2.13/v/string_type&quot;}]}&#10;assert 422 in (200, 201)&#10; +  where 422 = &lt;Response [422]&gt;.status_code">tests/test_sprint2_integration.py:91: in test_admin_create_update_delete_affiliate
    assert r.status_code in (200, 201), f"create failed: {r.status_code} {r.text}"
E   AssertionError: create failed: 422 {"detail":[{"type":"string_type","loc":["body","price_inr"],"msg":"Input should be a valid string","input":4999,"url":"https://errors.pydantic.dev/2.13/v/string_type"}]}
E   assert 422 in (200, 201)
E    +  where 422 = &lt;Response [422]&gt;.status_code</failure></testcase><testcase classname="tests.test_sprint2_integration" name="test_admin_create_bad_category_returns_400" time="0.048" /><testcase classname="tests.test_sprint2_integration" name="test_user_cannot_create_affiliate" time="0.046" /><testcase classname="tests.test_sprint2_integration" name="test_analyze_returns_rows_and_products" time="0.147"><error message="failed on setup with &quot;AssertionError: analyze failed: 400 {&quot;detail&quot;:&quot;Upload a reference image first&quot;}&#10;assert 400 == 200&#10; +  where 400 = &lt;Response [400]&gt;.status_code&quot;">tests/test_sprint2_integration.py:157: in project_with_analysis
    assert ar.status_code == 200, f"analyze failed: {ar.status_code} {ar.text[:400]}"
E   AssertionError: analyze failed: 400 {"detail":"Upload a reference image first"}
E   assert 400 == 200
E    +  where 400 = &lt;Response [400]&gt;.status_code</error></testcase><testcase classname="tests.test_sprint2_integration" name="test_get_products_endpoint" time="0.000"><error message="failed on setup with &quot;AssertionError: analyze failed: 400 {&quot;detail&quot;:&quot;Upload a reference image first&quot;}&#10;assert 400 == 200&#10; +  where 400 = &lt;Response [400]&gt;.status_code&quot;">tests/test_sprint2_integration.py:157: in project_with_analysis
    assert ar.status_code == 200, f"analyze failed: {ar.status_code} {ar.text[:400]}"
E   AssertionError: analyze failed: 400 {"detail":"Upload a reference image first"}
E   assert 400 == 200
E    +  where 400 = &lt;Response [400]&gt;.status_code</error></testcase><testcase classname="tests.test_sprint2_integration" name="test_get_products_cross_user_404" time="0.000"><error message="failed on setup with &quot;AssertionError: analyze failed: 400 {&quot;detail&quot;:&quot;Upload a reference image first&quot;}&#10;assert 400 == 200&#10; +  where 400 = &lt;Response [400]&gt;.status_code&quot;">tests/test_sprint2_integration.py:157: in project_with_analysis
    assert ar.status_code == 200, f"analyze failed: {ar.status_code} {ar.text[:400]}"
E   AssertionError: analyze failed: 400 {"detail":"Upload a reference image first"}
E   assert 400 == 200
E    +  where 400 = &lt;Response [400]&gt;.status_code</error></testcase><testcase classname="tests.test_sprint2_integration" name="test_products_have_search_urls" time="0.001"><error message="failed on setup with &quot;AssertionError: analyze failed: 400 {&quot;detail&quot;:&quot;Upload a reference image first&quot;}&#10;assert 400 == 200&#10; +  where 400 = &lt;Response [400]&gt;.status_code&quot;">tests/test_sprint2_integration.py:157: in project_with_analysis
    assert ar.status_code == 200, f"analyze failed: {ar.status_code} {ar.text[:400]}"
E   AssertionError: analyze failed: 400 {"detail":"Upload a reference image first"}
E   assert 400 == 200
E    +  where 400 = &lt;Response [400]&gt;.status_code</error></testcase></testsuite></testsuites>