<?xml version="1.0" encoding="utf-8"?><testsuites name="pytest tests"><testsuite name="pytest" errors="0" failures="0" skipped="0" tests="11" time="1.967" timestamp="2026-07-05T14:43:26.963143+00:00" hostname="agent-env-45f2da9e-3c90-4bc2-9336-7edc8d4a289d"><testcase classname="tests.test_studio_bulk_edit.TestStudioReviewQueueBackend" name="test_admin_login_ok" time="0.559" /><testcase classname="tests.test_studio_bulk_edit.TestStudioReviewQueueBackend" name="test_uploads_list_has_multiswatch" time="0.060" /><testcase classname="tests.test_studio_bulk_edit.TestStudioReviewQueueBackend" name="test_records_list_multi_swatch" time="0.054" /><testcase classname="tests.test_studio_bulk_edit.TestStudioReviewQueueBackend" name="test_patch_edit_persists_region" time="0.213" /><testcase classname="tests.test_studio_bulk_edit.TestStudioReviewQueueBackend" name="test_bulk_publish_action" time="0.160" /><testcase classname="tests.test_studio_bulk_edit.TestStudioReviewQueueBackend" name="test_bulk_archive_action" time="0.286" /><testcase classname="tests.test_studio_bulk_edit.TestStudioReviewQueueBackend" name="test_bulk_delete_action" time="0.152" /><testcase classname="tests.test_studio_bulk_edit.TestStudioReviewQueueBackend" name="test_bulk_bad_action_400" time="0.050" /><testcase classname="tests.test_studio_bulk_edit.TestStudioReviewQueueBackend" name="test_bulk_empty_ids_400" time="0.049" /><testcase classname="tests.test_studio_bulk_edit.TestStudioReviewQueueBackend" name="test_edit_unknown_record_404" time="0.051" /><testcase classname="tests.test_studio_bulk_edit.TestStudioReviewQueueBackend" name="test_single_delete_record" time="0.154" /></testsuite></testsuites>