<?xml version="1.0" encoding="utf-8"?><testsuites name="pytest tests"><testsuite name="pytest" errors="0" failures="0" skipped="3" tests="24" time="3.918" timestamp="2026-07-05T16:17:44.439258+00:00" hostname="agent-env-45f2da9e-3c90-4bc2-9336-7edc8d4a289d"><testcase classname="tests.test_studio_pipeline.TestStudioAuth" name="test_upload_requires_admin" time="0.664" /><testcase classname="tests.test_studio_pipeline.TestStudioAuth" name="test_list_requires_admin" time="0.044" /><testcase classname="tests.test_studio_pipeline.TestStudioAuth" name="test_library_requires_admin" time="0.073" /><testcase classname="tests.test_studio_pipeline.TestStudioValidation" name="test_non_pdf_rejected" time="0.371" /><testcase classname="tests.test_studio_pipeline.TestStudioPipeline" name="test_01_upload_pdf" time="0.133" /><testcase classname="tests.test_studio_pipeline.TestStudioPipeline" name="test_02_upload_listed" time="0.069" /><testcase classname="tests.test_studio_pipeline.TestStudioPipeline" name="test_03_records_draft" time="0.069" /><testcase classname="tests.test_studio_pipeline.TestStudioPipeline" name="test_04_approve_records" time="0.094" /><testcase classname="tests.test_studio_pipeline.TestStudioPipeline" name="test_05_library_lists_published" time="0.313" /><testcase classname="tests.test_studio_pipeline.TestStudioPipeline" name="test_06_ke_search_prioritizes_uploaded" time="0.046" /><testcase classname="tests.test_studio_pipeline.TestStudioPipeline" name="test_07_approve_empty_400" time="0.043" /><testcase classname="tests.test_studio_pipeline.TestPublishAll" name="test_publish_all_endpoint" time="0.198" /><testcase classname="tests.test_studio_pipeline.TestStudioReject" name="test_reject_flow" time="0.219" /><testcase classname="tests.test_studio_bulk_edit.TestStudioReviewQueueBackend" name="test_admin_login_ok" time="0.443" /><testcase classname="tests.test_studio_bulk_edit.TestStudioReviewQueueBackend" name="test_uploads_list_has_multiswatch" time="0.045" /><testcase classname="tests.test_studio_bulk_edit.TestStudioReviewQueueBackend" name="test_records_list_multi_swatch" time="0.050" /><testcase classname="tests.test_studio_bulk_edit.TestStudioReviewQueueBackend" name="test_patch_edit_persists_region" time="0.184" /><testcase classname="tests.test_studio_bulk_edit.TestStudioReviewQueueBackend" name="test_bulk_publish_action" time="0.044"><skipped type="pytest.skip" message="no drafts to publish">/app/backend/tests/test_studio_bulk_edit.py:94: no drafts to publish</skipped></testcase><testcase classname="tests.test_studio_bulk_edit.TestStudioReviewQueueBackend" name="test_bulk_archive_action" time="0.477" /><testcase classname="tests.test_studio_bulk_edit.TestStudioReviewQueueBackend" name="test_bulk_delete_action" time="0.041"><skipped type="pytest.skip" message="no draft record safe to delete">/app/backend/tests/test_studio_bulk_edit.py:139: no draft record safe to delete</skipped></testcase><testcase classname="tests.test_studio_bulk_edit.TestStudioReviewQueueBackend" name="test_bulk_bad_action_400" time="0.083" /><testcase classname="tests.test_studio_bulk_edit.TestStudioReviewQueueBackend" name="test_bulk_empty_ids_400" time="0.043" /><testcase classname="tests.test_studio_bulk_edit.TestStudioReviewQueueBackend" name="test_edit_unknown_record_404" time="0.043" /><testcase classname="tests.test_studio_bulk_edit.TestStudioReviewQueueBackend" name="test_single_delete_record" time="0.045"><skipped type="pytest.skip" message="no draft to safely delete">/app/backend/tests/test_studio_bulk_edit.py:180: no draft to safely delete</skipped></testcase></testsuite></testsuites>