<?xml version="1.0" encoding="utf-8"?><testsuites name="pytest tests"><testsuite name="pytest" errors="0" failures="0" skipped="0" tests="15" time="2.853" timestamp="2026-07-05T16:17:33.052411+00:00" hostname="agent-env-45f2da9e-3c90-4bc2-9336-7edc8d4a289d"><testcase classname="tests.test_studio_sprint87.TestCatalogueLifecycle" name="test_partial_publish_marks_review_remaining" time="1.574" /><testcase classname="tests.test_studio_sprint87.TestCatalogueLifecycle" name="test_full_publish_marks_published" time="0.105" /><testcase classname="tests.test_studio_sprint87.TestDoublePublishPrevention" name="test_approve_already_published_returns_zero" time="0.144" /><testcase classname="tests.test_studio_sprint87.TestDoublePublishPrevention" name="test_bulk_publish_already_published_returns_zero" time="0.096" /><testcase classname="tests.test_studio_sprint87.TestTagsRoundtrip" name="test_tags_persist_as_array" time="0.142" /><testcase classname="tests.test_studio_sprint87.TestReprocess" name="test_reprocess_endpoint" time="0.087" /><testcase classname="tests.test_studio_sprint87.TestReprocess" name="test_reprocess_reference_seed_blocked" time="0.089" /><testcase classname="tests.test_studio_sprint87.TestReprocess" name="test_reprocess_unknown_404" time="0.044" /><testcase classname="tests.test_studio_sprint87.TestReplace" name="test_replace_reference_seed_blocked" time="0.127" /><testcase classname="tests.test_studio_sprint87.TestReplace" name="test_replace_non_pdf_400" time="0.043" /><testcase classname="tests.test_studio_sprint87.TestReplace" name="test_replace_flow" time="0.092" /><testcase classname="tests.test_studio_sprint87.TestPagePreview" name="test_page_preview_base64" time="0.100" /><testcase classname="tests.test_studio_sprint87.TestPagePreview" name="test_page_preview_out_of_range" time="0.045" /><testcase classname="tests.test_studio_sprint87.TestPagePreview" name="test_page_preview_unknown_upload" time="0.048" /><testcase classname="tests.test_studio_sprint87.TestCleanup" name="test_delete_fresh_upload" time="0.048" /></testsuite></testsuites>