<?xml version="1.0" encoding="utf-8"?><testsuites name="pytest tests"><testsuite name="pytest" errors="0" failures="0" skipped="0" tests="13" time="1.919" timestamp="2026-07-05T08:05:44.494665+00:00" hostname="agent-env-45f2da9e-3c90-4bc2-9336-7edc8d4a289d"><testcase classname="tests.test_studio_pipeline.TestStudioAuth" name="test_upload_requires_admin" time="0.638" /><testcase classname="tests.test_studio_pipeline.TestStudioAuth" name="test_list_requires_admin" time="0.043" /><testcase classname="tests.test_studio_pipeline.TestStudioAuth" name="test_library_requires_admin" time="0.041" /><testcase classname="tests.test_studio_pipeline.TestStudioValidation" name="test_non_pdf_rejected" time="0.365" /><testcase classname="tests.test_studio_pipeline.TestStudioPipeline" name="test_01_upload_pdf" time="0.070" /><testcase classname="tests.test_studio_pipeline.TestStudioPipeline" name="test_02_upload_listed" time="0.046" /><testcase classname="tests.test_studio_pipeline.TestStudioPipeline" name="test_03_records_draft" time="0.047" /><testcase classname="tests.test_studio_pipeline.TestStudioPipeline" name="test_04_approve_records" time="0.091" /><testcase classname="tests.test_studio_pipeline.TestStudioPipeline" name="test_05_library_lists_published" time="0.048" /><testcase classname="tests.test_studio_pipeline.TestStudioPipeline" name="test_06_ke_search_prioritizes_uploaded" time="0.043" /><testcase classname="tests.test_studio_pipeline.TestStudioPipeline" name="test_07_approve_empty_400" time="0.043" /><testcase classname="tests.test_studio_pipeline.TestPublishAll" name="test_publish_all_endpoint" time="0.155" /><testcase classname="tests.test_studio_pipeline.TestStudioReject" name="test_reject_flow" time="0.205" /></testsuite></testsuites>